<?xml version="1.0" encoding="UTF-8"?>
<testsuite name="com.example.demo.repository.MemberRepositoryTest" tests="1" skipped="0" failures="0" errors="0" timestamp="2025-03-19T03:44:05" hostname="DESKTOP-2AMRE7T" time="0.158">
  <properties/>
  <testcase name="deleteMemberTest()" classname="com.example.demo.repository.MemberRepositoryTest" time="0.158"/>
  <system-out><![CDATA[12:44:02.906 [Test worker] DEBUG org.springframework.test.context.BootstrapUtils - Instantiating CacheAwareContextLoaderDelegate from class [org.springframework.test.context.cache.DefaultCacheAwareContextLoaderDelegate]
12:44:02.911 [Test worker] DEBUG org.springframework.test.context.BootstrapUtils - Instantiating BootstrapContext using constructor [public org.springframework.test.context.support.DefaultBootstrapContext(java.lang.Class,org.springframework.test.context.CacheAwareContextLoaderDelegate)]
12:44:02.928 [Test worker] DEBUG org.springframework.test.context.BootstrapUtils - Instantiating TestContextBootstrapper for test class [com.example.demo.repository.MemberRepositoryTest] from class [org.springframework.boot.test.context.SpringBootTestContextBootstrapper]
12:44:02.934 [Test worker] INFO org.springframework.boot.test.context.SpringBootTestContextBootstrapper - Neither @ContextConfiguration nor @ContextHierarchy found for test class [com.example.demo.repository.MemberRepositoryTest], using SpringBootContextLoader
12:44:02.935 [Test worker] DEBUG org.springframework.test.context.support.AbstractContextLoader - Did not detect default resource location for test class [com.example.demo.repository.MemberRepositoryTest]: class path resource [com/example/demo/repository/MemberRepositoryTest-context.xml] does not exist
12:44:02.936 [Test worker] DEBUG org.springframework.test.context.support.AbstractContextLoader - Did not detect default resource location for test class [com.example.demo.repository.MemberRepositoryTest]: class path resource [com/example/demo/repository/MemberRepositoryTestContext.groovy] does not exist
12:44:02.936 [Test worker] INFO org.springframework.test.context.support.AbstractContextLoader - Could not detect default resource locations for test class [com.example.demo.repository.MemberRepositoryTest]: no resource found for suffixes {-context.xml, Context.groovy}.
12:44:02.936 [Test worker] INFO org.springframework.test.context.support.AnnotationConfigContextLoaderUtils - Could not detect default configuration classes for test class [com.example.demo.repository.MemberRepositoryTest]: MemberRepositoryTest does not declare any static, non-private, non-final, nested classes annotated with @Configuration.
12:44:02.956 [Test worker] DEBUG org.springframework.test.context.support.ActiveProfilesUtils - Could not find an 'annotation declaring class' for annotation type [org.springframework.test.context.ActiveProfiles] and class [com.example.demo.repository.MemberRepositoryTest]
12:44:02.984 [Test worker] DEBUG org.springframework.context.annotation.ClassPathScanningCandidateComponentProvider - Identified candidate component class: file [C:\_dev2\sb_jpa1\build\classes\java\main\com\example\demo\DemoApplication.class]
12:44:02.984 [Test worker] INFO org.springframework.boot.test.context.SpringBootTestContextBootstrapper - Found @SpringBootConfiguration com.example.demo.DemoApplication for test class com.example.demo.repository.MemberRepositoryTest
12:44:03.033 [Test worker] DEBUG org.springframework.boot.test.context.SpringBootTestContextBootstrapper - @TestExecutionListeners is not present for class [com.example.demo.repository.MemberRepositoryTest]: using defaults.
12:44:03.033 [Test worker] INFO org.springframework.boot.test.context.SpringBootTestContextBootstrapper - Loaded default TestExecutionListener class names from location [META-INF/spring.factories]: [org.springframework.boot.test.autoconfigure.restdocs.RestDocsTestExecutionListener, org.springframework.boot.test.autoconfigure.web.client.MockRestServiceServerResetTestExecutionListener, org.springframework.boot.test.autoconfigure.web.servlet.MockMvcPrintOnlyOnFailureTestExecutionListener, org.springframework.boot.test.autoconfigure.web.servlet.WebDriverTestExecutionListener, org.springframework.boot.test.autoconfigure.webservices.client.MockWebServiceServerTestExecutionListener, org.springframework.boot.test.mock.mockito.MockitoTestExecutionListener, org.springframework.boot.test.mock.mockito.ResetMocksTestExecutionListener, org.springframework.test.context.web.ServletTestExecutionListener, org.springframework.test.context.support.DirtiesContextBeforeModesTestExecutionListener, org.springframework.test.context.event.ApplicationEventsTestExecutionListener, org.springframework.test.context.support.DependencyInjectionTestExecutionListener, org.springframework.test.context.support.DirtiesContextTestExecutionListener, org.springframework.test.context.transaction.TransactionalTestExecutionListener, org.springframework.test.context.jdbc.SqlScriptsTestExecutionListener, org.springframework.test.context.event.EventPublishingTestExecutionListener]
12:44:03.040 [Test worker] INFO org.springframework.boot.test.context.SpringBootTestContextBootstrapper - Using TestExecutionListeners: [org.springframework.test.context.web.ServletTestExecutionListener@6c44052e, org.springframework.test.context.support.DirtiesContextBeforeModesTestExecutionListener@5c371e13, org.springframework.test.context.event.ApplicationEventsTestExecutionListener@530a8454, org.springframework.boot.test.mock.mockito.MockitoTestExecutionListener@1e34c607, org.springframework.boot.test.autoconfigure.SpringBootDependencyInjectionTestExecutionListener@5215cd9a, org.springframework.test.context.support.DirtiesContextTestExecutionListener@36b6964d, org.springframework.test.context.transaction.TransactionalTestExecutionListener@31198ceb, org.springframework.test.context.jdbc.SqlScriptsTestExecutionListener@9257031, org.springframework.test.context.event.EventPublishingTestExecutionListener@75201592, org.springframework.boot.test.autoconfigure.restdocs.RestDocsTestExecutionListener@7726e185, org.springframework.boot.test.autoconfigure.web.client.MockRestServiceServerResetTestExecutionListener@aa5455e, org.springframework.boot.test.autoconfigure.web.servlet.MockMvcPrintOnlyOnFailureTestExecutionListener@282308c3, org.springframework.boot.test.autoconfigure.web.servlet.WebDriverTestExecutionListener@5dda14d0, org.springframework.boot.test.autoconfigure.webservices.client.MockWebServiceServerTestExecutionListener@1db0ec27, org.springframework.boot.test.mock.mockito.ResetMocksTestExecutionListener@3d9fc57a]
12:44:03.042 [Test worker] DEBUG org.springframework.test.context.support.AbstractDirtiesContextTestExecutionListener - Before test class: context [DefaultTestContext@1af1347d testClass = MemberRepositoryTest, testInstance = [null], testMethod = [null], testException = [null], mergedContextConfiguration = [WebMergedContextConfiguration@632aa1a3 testClass = MemberRepositoryTest, locations = '{}', classes = '{class com.example.demo.DemoApplication}', contextInitializerClasses = '[]', activeProfiles = '{}', propertySourceLocations = '{}', propertySourceProperties = '{org.springframework.boot.test.context.SpringBootTestContextBootstrapper=true}', contextCustomizers = set[org.springframework.boot.test.autoconfigure.actuate.metrics.MetricsExportContextCustomizerFactory$DisableMetricExportContextCustomizer@53f48368, org.springframework.boot.test.autoconfigure.properties.PropertyMappingContextCustomizer@0, org.springframework.boot.test.autoconfigure.web.servlet.WebDriverContextCustomizerFactory$Customizer@2453f95d, org.springframework.boot.test.context.filter.ExcludeFilterContextCustomizer@3e34ace1, org.springframework.boot.test.json.DuplicateJsonObjectContextCustomizerFactory$DuplicateJsonObjectContextCustomizer@47404bea, org.springframework.boot.test.mock.mockito.MockitoContextCustomizer@0, org.springframework.boot.test.web.client.TestRestTemplateContextCustomizer@6b5894c8, org.springframework.boot.test.context.SpringBootTestArgs@1, org.springframework.boot.test.context.SpringBootTestWebEnvironment@1863d2fe], resourceBasePath = 'src/main/webapp', contextLoader = 'org.springframework.boot.test.context.SpringBootContextLoader', parent = [null]], attributes = map['org.springframework.test.context.web.ServletTestExecutionListener.activateListener' -> true]], class annotated with @DirtiesContext [false] with mode [null].

  .   ____          _            __ _ _
 /\\ / ___'_ __ _ _(_)_ __  __ _ \ \ \ \
( ( )\___ | '_ | '_| | '_ \/ _` | \ \ \ \
 \\/  ___)| |_)| | | | | || (_| |  ) ) ) )
  '  |____| .__|_| |_|_| |_\__, | / / / /
 =========|_|==============|___/=/_/_/_/
 :: Spring Boot ::               (v2.7.18)

2025-03-19 12:44:03.205  INFO 22584 --- [    Test worker] c.e.d.repository.MemberRepositoryTest    : Starting MemberRepositoryTest using Java 11 on DESKTOP-2AMRE7T with PID 22584 (started by DU in C:\_dev2\sb_jpa1)
2025-03-19 12:44:03.206  INFO 22584 --- [    Test worker] c.e.d.repository.MemberRepositoryTest    : No active profile set, falling back to 1 default profile: "default"
2025-03-19 12:44:03.495  INFO 22584 --- [    Test worker] .s.d.r.c.RepositoryConfigurationDelegate : Bootstrapping Spring Data JPA repositories in DEFAULT mode.
2025-03-19 12:44:03.517  INFO 22584 --- [    Test worker] .s.d.r.c.RepositoryConfigurationDelegate : Finished Spring Data repository scanning in 18 ms. Found 1 JPA repository interfaces.
2025-03-19 12:44:03.795  INFO 22584 --- [    Test worker] o.hibernate.jpa.internal.util.LogHelper  : HHH000204: Processing PersistenceUnitInfo [name: default]
2025-03-19 12:44:03.824  INFO 22584 --- [    Test worker] org.hibernate.Version                    : HHH000412: Hibernate ORM core version 5.6.15.Final
2025-03-19 12:44:03.906  INFO 22584 --- [    Test worker] o.hibernate.annotations.common.Version   : HCANN000001: Hibernate Commons Annotations {5.1.2.Final}
2025-03-19 12:44:03.920 DEBUG 22584 --- [    Test worker] org.hibernate.type.BasicTypeRegistry     : Adding type registration boolean -> org.hibernate.type.BooleanType@6e685e6c
2025-03-19 12:44:03.922 DEBUG 22584 --- [    Test worker] org.hibernate.type.BasicTypeRegistry     : Adding type registration boolean -> org.hibernate.type.BooleanType@6e685e6c
2025-03-19 12:44:03.922 DEBUG 22584 --- [    Test worker] org.hibernate.type.BasicTypeRegistry     : Adding type registration java.lang.Boolean -> org.hibernate.type.BooleanType@6e685e6c
2025-03-19 12:44:03.923 DEBUG 22584 --- [    Test worker] org.hibernate.type.BasicTypeRegistry     : Adding type registration numeric_boolean -> org.hibernate.type.NumericBooleanType@333398f
2025-03-19 12:44:03.923 DEBUG 22584 --- [    Test worker] org.hibernate.type.BasicTypeRegistry     : Adding type registration true_false -> org.hibernate.type.TrueFalseType@16f15ae9
2025-03-19 12:44:03.924 DEBUG 22584 --- [    Test worker] org.hibernate.type.BasicTypeRegistry     : Adding type registration yes_no -> org.hibernate.type.YesNoType@40a1b6d4
2025-03-19 12:44:03.924 DEBUG 22584 --- [    Test worker] org.hibernate.type.BasicTypeRegistry     : Adding type registration byte -> org.hibernate.type.ByteType@25ad25f5
2025-03-19 12:44:03.924 DEBUG 22584 --- [    Test worker] org.hibernate.type.BasicTypeRegistry     : Adding type registration byte -> org.hibernate.type.ByteType@25ad25f5
2025-03-19 12:44:03.924 DEBUG 22584 --- [    Test worker] org.hibernate.type.BasicTypeRegistry     : Adding type registration java.lang.Byte -> org.hibernate.type.ByteType@25ad25f5
2025-03-19 12:44:03.925 DEBUG 22584 --- [    Test worker] org.hibernate.type.BasicTypeRegistry     : Adding type registration character -> org.hibernate.type.CharacterType@3e03046d
2025-03-19 12:44:03.925 DEBUG 22584 --- [    Test worker] org.hibernate.type.BasicTypeRegistry     : Adding type registration char -> org.hibernate.type.CharacterType@3e03046d
2025-03-19 12:44:03.925 DEBUG 22584 --- [    Test worker] org.hibernate.type.BasicTypeRegistry     : Adding type registration java.lang.Character -> org.hibernate.type.CharacterType@3e03046d
2025-03-19 12:44:03.926 DEBUG 22584 --- [    Test worker] org.hibernate.type.BasicTypeRegistry     : Adding type registration short -> org.hibernate.type.ShortType@69f080ad
2025-03-19 12:44:03.926 DEBUG 22584 --- [    Test worker] org.hibernate.type.BasicTypeRegistry     : Adding type registration short -> org.hibernate.type.ShortType@69f080ad
2025-03-19 12:44:03.927 DEBUG 22584 --- [    Test worker] org.hibernate.type.BasicTypeRegistry     : Adding type registration java.lang.Short -> org.hibernate.type.ShortType@69f080ad
2025-03-19 12:44:03.927 DEBUG 22584 --- [    Test worker] org.hibernate.type.BasicTypeRegistry     : Adding type registration integer -> org.hibernate.type.IntegerType@569348e1
2025-03-19 12:44:03.927 DEBUG 22584 --- [    Test worker] org.hibernate.type.BasicTypeRegistry     : Adding type registration int -> org.hibernate.type.IntegerType@569348e1
2025-03-19 12:44:03.927 DEBUG 22584 --- [    Test worker] org.hibernate.type.BasicTypeRegistry     : Adding type registration java.lang.Integer -> org.hibernate.type.IntegerType@569348e1
2025-03-19 12:44:03.928 DEBUG 22584 --- [    Test worker] org.hibernate.type.BasicTypeRegistry     : Adding type registration long -> org.hibernate.type.LongType@414b2df5
2025-03-19 12:44:03.928 DEBUG 22584 --- [    Test worker] org.hibernate.type.BasicTypeRegistry     : Adding type registration long -> org.hibernate.type.LongType@414b2df5
2025-03-19 12:44:03.928 DEBUG 22584 --- [    Test worker] org.hibernate.type.BasicTypeRegistry     : Adding type registration java.lang.Long -> org.hibernate.type.LongType@414b2df5
2025-03-19 12:44:03.929 DEBUG 22584 --- [    Test worker] org.hibernate.type.BasicTypeRegistry     : Adding type registration float -> org.hibernate.type.FloatType@2d70f312
2025-03-19 12:44:03.929 DEBUG 22584 --- [    Test worker] org.hibernate.type.BasicTypeRegistry     : Adding type registration float -> org.hibernate.type.FloatType@2d70f312
2025-03-19 12:44:03.929 DEBUG 22584 --- [    Test worker] org.hibernate.type.BasicTypeRegistry     : Adding type registration java.lang.Float -> org.hibernate.type.FloatType@2d70f312
2025-03-19 12:44:03.930 DEBUG 22584 --- [    Test worker] org.hibernate.type.BasicTypeRegistry     : Adding type registration double -> org.hibernate.type.DoubleType@5fe46d52
2025-03-19 12:44:03.930 DEBUG 22584 --- [    Test worker] org.hibernate.type.BasicTypeRegistry     : Adding type registration double -> org.hibernate.type.DoubleType@5fe46d52
2025-03-19 12:44:03.930 DEBUG 22584 --- [    Test worker] org.hibernate.type.BasicTypeRegistry     : Adding type registration java.lang.Double -> org.hibernate.type.DoubleType@5fe46d52
2025-03-19 12:44:03.931 DEBUG 22584 --- [    Test worker] org.hibernate.type.BasicTypeRegistry     : Adding type registration big_decimal -> org.hibernate.type.BigDecimalType@2aa5bd48
2025-03-19 12:44:03.931 DEBUG 22584 --- [    Test worker] org.hibernate.type.BasicTypeRegistry     : Adding type registration java.math.BigDecimal -> org.hibernate.type.BigDecimalType@2aa5bd48
2025-03-19 12:44:03.932 DEBUG 22584 --- [    Test worker] org.hibernate.type.BasicTypeRegistry     : Adding type registration big_integer -> org.hibernate.type.BigIntegerType@3030836d
2025-03-19 12:44:03.932 DEBUG 22584 --- [    Test worker] org.hibernate.type.BasicTypeRegistry     : Adding type registration java.math.BigInteger -> org.hibernate.type.BigIntegerType@3030836d
2025-03-19 12:44:03.933 DEBUG 22584 --- [    Test worker] org.hibernate.type.BasicTypeRegistry     : Adding type registration string -> org.hibernate.type.StringType@27c53c32
2025-03-19 12:44:03.933 DEBUG 22584 --- [    Test worker] org.hibernate.type.BasicTypeRegistry     : Adding type registration java.lang.String -> org.hibernate.type.StringType@27c53c32
2025-03-19 12:44:03.933 DEBUG 22584 --- [    Test worker] org.hibernate.type.BasicTypeRegistry     : Adding type registration nstring -> org.hibernate.type.StringNVarcharType@134a8ead
2025-03-19 12:44:03.933 DEBUG 22584 --- [    Test worker] org.hibernate.type.BasicTypeRegistry     : Adding type registration ncharacter -> org.hibernate.type.CharacterNCharType@e0d1dc4
2025-03-19 12:44:03.934 DEBUG 22584 --- [    Test worker] org.hibernate.type.BasicTypeRegistry     : Adding type registration url -> org.hibernate.type.UrlType@74fb5b59
2025-03-19 12:44:03.934 DEBUG 22584 --- [    Test worker] org.hibernate.type.BasicTypeRegistry     : Adding type registration java.net.URL -> org.hibernate.type.UrlType@74fb5b59
2025-03-19 12:44:03.934 DEBUG 22584 --- [    Test worker] org.hibernate.type.BasicTypeRegistry     : Adding type registration Duration -> org.hibernate.type.DurationType@1e92c3b6
2025-03-19 12:44:03.934 DEBUG 22584 --- [    Test worker] org.hibernate.type.BasicTypeRegistry     : Adding type registration java.time.Duration -> org.hibernate.type.DurationType@1e92c3b6
2025-03-19 12:44:03.935 DEBUG 22584 --- [    Test worker] org.hibernate.type.BasicTypeRegistry     : Adding type registration Instant -> org.hibernate.type.InstantType@5882b202
2025-03-19 12:44:03.935 DEBUG 22584 --- [    Test worker] org.hibernate.type.BasicTypeRegistry     : Adding type registration java.time.Instant -> org.hibernate.type.InstantType@5882b202
2025-03-19 12:44:03.936 DEBUG 22584 --- [    Test worker] org.hibernate.type.BasicTypeRegistry     : Adding type registration LocalDateTime -> org.hibernate.type.LocalDateTimeType@5aea8994
2025-03-19 12:44:03.936 DEBUG 22584 --- [    Test worker] org.hibernate.type.BasicTypeRegistry     : Adding type registration java.time.LocalDateTime -> org.hibernate.type.LocalDateTimeType@5aea8994
2025-03-19 12:44:03.936 DEBUG 22584 --- [    Test worker] org.hibernate.type.BasicTypeRegistry     : Adding type registration LocalDate -> org.hibernate.type.LocalDateType@409732fb
2025-03-19 12:44:03.936 DEBUG 22584 --- [    Test worker] org.hibernate.type.BasicTypeRegistry     : Adding type registration java.time.LocalDate -> org.hibernate.type.LocalDateType@409732fb
2025-03-19 12:44:03.937 DEBUG 22584 --- [    Test worker] org.hibernate.type.BasicTypeRegistry     : Adding type registration LocalTime -> org.hibernate.type.LocalTimeType@677349fb
2025-03-19 12:44:03.937 DEBUG 22584 --- [    Test worker] org.hibernate.type.BasicTypeRegistry     : Adding type registration java.time.LocalTime -> org.hibernate.type.LocalTimeType@677349fb
2025-03-19 12:44:03.937 DEBUG 22584 --- [    Test worker] org.hibernate.type.BasicTypeRegistry     : Adding type registration OffsetDateTime -> org.hibernate.type.OffsetDateTimeType@24197b13
2025-03-19 12:44:03.937 DEBUG 22584 --- [    Test worker] org.hibernate.type.BasicTypeRegistry     : Adding type registration java.time.OffsetDateTime -> org.hibernate.type.OffsetDateTimeType@24197b13
2025-03-19 12:44:03.938 DEBUG 22584 --- [    Test worker] org.hibernate.type.BasicTypeRegistry     : Adding type registration OffsetTime -> org.hibernate.type.OffsetTimeType@5345dfe8
2025-03-19 12:44:03.938 DEBUG 22584 --- [    Test worker] org.hibernate.type.BasicTypeRegistry     : Adding type registration java.time.OffsetTime -> org.hibernate.type.OffsetTimeType@5345dfe8
2025-03-19 12:44:03.938 DEBUG 22584 --- [    Test worker] org.hibernate.type.BasicTypeRegistry     : Adding type registration ZonedDateTime -> org.hibernate.type.ZonedDateTimeType@259287ac
2025-03-19 12:44:03.938 DEBUG 22584 --- [    Test worker] org.hibernate.type.BasicTypeRegistry     : Adding type registration java.time.ZonedDateTime -> org.hibernate.type.ZonedDateTimeType@259287ac
2025-03-19 12:44:03.939 DEBUG 22584 --- [    Test worker] org.hibernate.type.BasicTypeRegistry     : Adding type registration date -> org.hibernate.type.DateType@167a21b
2025-03-19 12:44:03.939 DEBUG 22584 --- [    Test worker] org.hibernate.type.BasicTypeRegistry     : Adding type registration java.sql.Date -> org.hibernate.type.DateType@167a21b
2025-03-19 12:44:03.940 DEBUG 22584 --- [    Test worker] org.hibernate.type.BasicTypeRegistry     : Adding type registration time -> org.hibernate.type.TimeType@6c8efde4
2025-03-19 12:44:03.940 DEBUG 22584 --- [    Test worker] org.hibernate.type.BasicTypeRegistry     : Adding type registration java.sql.Time -> org.hibernate.type.TimeType@6c8efde4
2025-03-19 12:44:03.941 DEBUG 22584 --- [    Test worker] org.hibernate.type.BasicTypeRegistry     : Adding type registration timestamp -> org.hibernate.type.TimestampType@54326e9
2025-03-19 12:44:03.941 DEBUG 22584 --- [    Test worker] org.hibernate.type.BasicTypeRegistry     : Adding type registration java.sql.Timestamp -> org.hibernate.type.TimestampType@54326e9
2025-03-19 12:44:03.941 DEBUG 22584 --- [    Test worker] org.hibernate.type.BasicTypeRegistry     : Adding type registration java.util.Date -> org.hibernate.type.TimestampType@54326e9
2025-03-19 12:44:03.942 DEBUG 22584 --- [    Test worker] org.hibernate.type.BasicTypeRegistry     : Adding type registration dbtimestamp -> org.hibernate.type.DbTimestampType@3a109ff7
2025-03-19 12:44:03.942 DEBUG 22584 --- [    Test worker] org.hibernate.type.BasicTypeRegistry     : Adding type registration calendar -> org.hibernate.type.CalendarType@15369d73
2025-03-19 12:44:03.943 DEBUG 22584 --- [    Test worker] org.hibernate.type.BasicTypeRegistry     : Adding type registration java.util.Calendar -> org.hibernate.type.CalendarType@15369d73
2025-03-19 12:44:03.943 DEBUG 22584 --- [    Test worker] org.hibernate.type.BasicTypeRegistry     : Adding type registration java.util.GregorianCalendar -> org.hibernate.type.CalendarType@15369d73
2025-03-19 12:44:03.943 DEBUG 22584 --- [    Test worker] org.hibernate.type.BasicTypeRegistry     : Adding type registration calendar_date -> org.hibernate.type.CalendarDateType@4662752a
2025-03-19 12:44:03.944 DEBUG 22584 --- [    Test worker] org.hibernate.type.BasicTypeRegistry     : Adding type registration calendar_time -> org.hibernate.type.CalendarTimeType@799f354a
2025-03-19 12:44:03.944 DEBUG 22584 --- [    Test worker] org.hibernate.type.BasicTypeRegistry     : Adding type registration locale -> org.hibernate.type.LocaleType@3ace6346
2025-03-19 12:44:03.944 DEBUG 22584 --- [    Test worker] org.hibernate.type.BasicTypeRegistry     : Adding type registration java.util.Locale -> org.hibernate.type.LocaleType@3ace6346
2025-03-19 12:44:03.945 DEBUG 22584 --- [    Test worker] org.hibernate.type.BasicTypeRegistry     : Adding type registration currency -> org.hibernate.type.CurrencyType@11826398
2025-03-19 12:44:03.945 DEBUG 22584 --- [    Test worker] org.hibernate.type.BasicTypeRegistry     : Adding type registration java.util.Currency -> org.hibernate.type.CurrencyType@11826398
2025-03-19 12:44:03.945 DEBUG 22584 --- [    Test worker] org.hibernate.type.BasicTypeRegistry     : Adding type registration timezone -> org.hibernate.type.TimeZoneType@7a572ea0
2025-03-19 12:44:03.945 DEBUG 22584 --- [    Test worker] org.hibernate.type.BasicTypeRegistry     : Adding type registration java.util.TimeZone -> org.hibernate.type.TimeZoneType@7a572ea0
2025-03-19 12:44:03.945 DEBUG 22584 --- [    Test worker] org.hibernate.type.BasicTypeRegistry     : Adding type registration class -> org.hibernate.type.ClassType@63f9ddf9
2025-03-19 12:44:03.946 DEBUG 22584 --- [    Test worker] org.hibernate.type.BasicTypeRegistry     : Adding type registration java.lang.Class -> org.hibernate.type.ClassType@63f9ddf9
2025-03-19 12:44:03.946 DEBUG 22584 --- [    Test worker] org.hibernate.type.BasicTypeRegistry     : Adding type registration uuid-binary -> org.hibernate.type.UUIDBinaryType@7caf1e5
2025-03-19 12:44:03.946 DEBUG 22584 --- [    Test worker] org.hibernate.type.BasicTypeRegistry     : Adding type registration java.util.UUID -> org.hibernate.type.UUIDBinaryType@7caf1e5
2025-03-19 12:44:03.947 DEBUG 22584 --- [    Test worker] org.hibernate.type.BasicTypeRegistry     : Adding type registration uuid-char -> org.hibernate.type.UUIDCharType@681de87f
2025-03-19 12:44:03.947 DEBUG 22584 --- [    Test worker] org.hibernate.type.BasicTypeRegistry     : Adding type registration binary -> org.hibernate.type.BinaryType@370c7cc5
2025-03-19 12:44:03.947 DEBUG 22584 --- [    Test worker] org.hibernate.type.BasicTypeRegistry     : Adding type registration byte[] -> org.hibernate.type.BinaryType@370c7cc5
2025-03-19 12:44:03.947 DEBUG 22584 --- [    Test worker] org.hibernate.type.BasicTypeRegistry     : Adding type registration [B -> org.hibernate.type.BinaryType@370c7cc5
2025-03-19 12:44:03.948 DEBUG 22584 --- [    Test worker] org.hibernate.type.BasicTypeRegistry     : Adding type registration wrapper-binary -> org.hibernate.type.WrapperBinaryType@25c1f5ee
2025-03-19 12:44:03.948 DEBUG 22584 --- [    Test worker] org.hibernate.type.BasicTypeRegistry     : Adding type registration Byte[] -> org.hibernate.type.WrapperBinaryType@25c1f5ee
2025-03-19 12:44:03.948 DEBUG 22584 --- [    Test worker] org.hibernate.type.BasicTypeRegistry     : Adding type registration [Ljava.lang.Byte; -> org.hibernate.type.WrapperBinaryType@25c1f5ee
2025-03-19 12:44:03.948 DEBUG 22584 --- [    Test worker] org.hibernate.type.BasicTypeRegistry     : Adding type registration row_version -> org.hibernate.type.RowVersionType@74c121d4
2025-03-19 12:44:03.948 DEBUG 22584 --- [    Test worker] org.hibernate.type.BasicTypeRegistry     : Adding type registration image -> org.hibernate.type.ImageType@424f02b8
2025-03-19 12:44:03.949 DEBUG 22584 --- [    Test worker] org.hibernate.type.BasicTypeRegistry     : Adding type registration characters -> org.hibernate.type.CharArrayType@1216eb3f
2025-03-19 12:44:03.949 DEBUG 22584 --- [    Test worker] org.hibernate.type.BasicTypeRegistry     : Adding type registration char[] -> org.hibernate.type.CharArrayType@1216eb3f
2025-03-19 12:44:03.949 DEBUG 22584 --- [    Test worker] org.hibernate.type.BasicTypeRegistry     : Adding type registration [C -> org.hibernate.type.CharArrayType@1216eb3f
2025-03-19 12:44:03.949 DEBUG 22584 --- [    Test worker] org.hibernate.type.BasicTypeRegistry     : Adding type registration wrapper-characters -> org.hibernate.type.CharacterArrayType@4bcdd11
2025-03-19 12:44:03.949 DEBUG 22584 --- [    Test worker] org.hibernate.type.BasicTypeRegistry     : Adding type registration [Ljava.lang.Character; -> org.hibernate.type.CharacterArrayType@4bcdd11
2025-03-19 12:44:03.949 DEBUG 22584 --- [    Test worker] org.hibernate.type.BasicTypeRegistry     : Adding type registration Character[] -> org.hibernate.type.CharacterArrayType@4bcdd11
2025-03-19 12:44:03.950 DEBUG 22584 --- [    Test worker] org.hibernate.type.BasicTypeRegistry     : Adding type registration text -> org.hibernate.type.TextType@3af236d0
2025-03-19 12:44:03.950 DEBUG 22584 --- [    Test worker] org.hibernate.type.BasicTypeRegistry     : Adding type registration ntext -> org.hibernate.type.NTextType@6bf570c
2025-03-19 12:44:03.951 DEBUG 22584 --- [    Test worker] org.hibernate.type.BasicTypeRegistry     : Adding type registration blob -> org.hibernate.type.BlobType@37d699a1
2025-03-19 12:44:03.951 DEBUG 22584 --- [    Test worker] org.hibernate.type.BasicTypeRegistry     : Adding type registration java.sql.Blob -> org.hibernate.type.BlobType@37d699a1
2025-03-19 12:44:03.951 DEBUG 22584 --- [    Test worker] org.hibernate.type.BasicTypeRegistry     : Adding type registration materialized_blob -> org.hibernate.type.MaterializedBlobType@2a8f8555
2025-03-19 12:44:03.952 DEBUG 22584 --- [    Test worker] org.hibernate.type.BasicTypeRegistry     : Adding type registration clob -> org.hibernate.type.ClobType@57a667c8
2025-03-19 12:44:03.952 DEBUG 22584 --- [    Test worker] org.hibernate.type.BasicTypeRegistry     : Adding type registration java.sql.Clob -> org.hibernate.type.ClobType@57a667c8
2025-03-19 12:44:03.953 DEBUG 22584 --- [    Test worker] org.hibernate.type.BasicTypeRegistry     : Adding type registration nclob -> org.hibernate.type.NClobType@28989415
2025-03-19 12:44:03.953 DEBUG 22584 --- [    Test worker] org.hibernate.type.BasicTypeRegistry     : Adding type registration java.sql.NClob -> org.hibernate.type.NClobType@28989415
2025-03-19 12:44:03.953 DEBUG 22584 --- [    Test worker] org.hibernate.type.BasicTypeRegistry     : Adding type registration materialized_clob -> org.hibernate.type.MaterializedClobType@1132baa3
2025-03-19 12:44:03.953 DEBUG 22584 --- [    Test worker] org.hibernate.type.BasicTypeRegistry     : Adding type registration materialized_nclob -> org.hibernate.type.MaterializedNClobType@7661e474
2025-03-19 12:44:03.954 DEBUG 22584 --- [    Test worker] org.hibernate.type.BasicTypeRegistry     : Adding type registration serializable -> org.hibernate.type.SerializableType@5fb8dc01
2025-03-19 12:44:03.956 DEBUG 22584 --- [    Test worker] org.hibernate.type.BasicTypeRegistry     : Adding type registration object -> org.hibernate.type.ObjectType@6d6039df
2025-03-19 12:44:03.956 DEBUG 22584 --- [    Test worker] org.hibernate.type.BasicTypeRegistry     : Adding type registration java.lang.Object -> org.hibernate.type.ObjectType@6d6039df
2025-03-19 12:44:03.956 DEBUG 22584 --- [    Test worker] org.hibernate.type.BasicTypeRegistry     : Adding type registration imm_date -> org.hibernate.type.AdaptedImmutableType@177ede17
2025-03-19 12:44:03.956 DEBUG 22584 --- [    Test worker] org.hibernate.type.BasicTypeRegistry     : Adding type registration imm_time -> org.hibernate.type.AdaptedImmutableType@17176b18
2025-03-19 12:44:03.956 DEBUG 22584 --- [    Test worker] org.hibernate.type.BasicTypeRegistry     : Adding type registration imm_timestamp -> org.hibernate.type.AdaptedImmutableType@4e4395c
2025-03-19 12:44:03.956 DEBUG 22584 --- [    Test worker] org.hibernate.type.BasicTypeRegistry     : Adding type registration imm_dbtimestamp -> org.hibernate.type.AdaptedImmutableType@1ab53860
2025-03-19 12:44:03.956 DEBUG 22584 --- [    Test worker] org.hibernate.type.BasicTypeRegistry     : Adding type registration imm_calendar -> org.hibernate.type.AdaptedImmutableType@7b5ac347
2025-03-19 12:44:03.956 DEBUG 22584 --- [    Test worker] org.hibernate.type.BasicTypeRegistry     : Adding type registration imm_calendar_date -> org.hibernate.type.AdaptedImmutableType@57b9389f
2025-03-19 12:44:03.956 DEBUG 22584 --- [    Test worker] org.hibernate.type.BasicTypeRegistry     : Adding type registration imm_binary -> org.hibernate.type.AdaptedImmutableType@72b2c5ed
2025-03-19 12:44:03.956 DEBUG 22584 --- [    Test worker] org.hibernate.type.BasicTypeRegistry     : Adding type registration imm_serializable -> org.hibernate.type.AdaptedImmutableType@41f785e3
2025-03-19 12:44:03.977  INFO 22584 --- [    Test worker] com.zaxxer.hikari.HikariDataSource       : HikariPool-1 - Starting...
2025-03-19 12:44:04.144  INFO 22584 --- [    Test worker] com.zaxxer.hikari.HikariDataSource       : HikariPool-1 - Start completed.
2025-03-19 12:44:04.163  INFO 22584 --- [    Test worker] org.hibernate.dialect.Dialect            : HHH000400: Using dialect: org.hibernate.dialect.MySQL8Dialect
2025-03-19 12:44:04.179 DEBUG 22584 --- [    Test worker] o.h.type.spi.TypeConfiguration$Scope     : Scoping TypeConfiguration [org.hibernate.type.spi.TypeConfiguration@1488a861] to MetadataBuildingContext [org.hibernate.boot.internal.MetadataBuildingContextRootImpl@604f376a]
2025-03-19 12:44:04.300 DEBUG 22584 --- [    Test worker] o.h.type.spi.TypeConfiguration$Scope     : Scoping TypeConfiguration [org.hibernate.type.spi.TypeConfiguration@1488a861] to SessionFactoryImpl [org.hibernate.internal.SessionFactoryImpl@7ac1b6c0]
2025-03-19 12:44:04.479 DEBUG 22584 --- [    Test worker] org.hibernate.SQL                        : 
    
    drop table if exists member
Hibernate: 
    
    drop table if exists member
2025-03-19 12:44:04.531 DEBUG 22584 --- [    Test worker] org.hibernate.SQL                        : 
    
    create table member (
       id bigint not null auto_increment,
        email varchar(255) not null,
        name varchar(255) not null,
        primary key (id)
    ) engine=InnoDB
Hibernate: 
    
    create table member (
       id bigint not null auto_increment,
        email varchar(255) not null,
        name varchar(255) not null,
        primary key (id)
    ) engine=InnoDB
2025-03-19 12:44:04.642  INFO 22584 --- [    Test worker] o.h.e.t.j.p.i.JtaPlatformInitiator       : HHH000490: Using JtaPlatform implementation: [org.hibernate.engine.transaction.jta.platform.internal.NoJtaPlatform]
2025-03-19 12:44:04.647 TRACE 22584 --- [    Test worker] o.h.type.spi.TypeConfiguration$Scope     : Handling #sessionFactoryCreated from [org.hibernate.internal.SessionFactoryImpl@7ac1b6c0] for TypeConfiguration
2025-03-19 12:44:04.648  INFO 22584 --- [    Test worker] j.LocalContainerEntityManagerFactoryBean : Initialized JPA EntityManagerFactory for persistence unit 'default'
2025-03-19 12:44:04.745  WARN 22584 --- [    Test worker] JpaBaseConfiguration$JpaWebConfiguration : spring.jpa.open-in-view is enabled by default. Therefore, database queries may be performed during view rendering. Explicitly configure spring.jpa.open-in-view to disable this warning
2025-03-19 12:44:05.212  INFO 22584 --- [    Test worker] c.e.d.repository.MemberRepositoryTest    : Started MemberRepositoryTest in 2.153 seconds (JVM running for 2.74)
2025-03-19 12:44:05.234  INFO 22584 --- [    Test worker] o.s.t.c.transaction.TransactionContext   : Began transaction (1) for test context [DefaultTestContext@1af1347d testClass = MemberRepositoryTest, testInstance = com.example.demo.repository.MemberRepositoryTest@586b78d7, testMethod = deleteMemberTest@MemberRepositoryTest, testException = [null], mergedContextConfiguration = [WebMergedContextConfiguration@632aa1a3 testClass = MemberRepositoryTest, locations = '{}', classes = '{class com.example.demo.DemoApplication}', contextInitializerClasses = '[]', activeProfiles = '{}', propertySourceLocations = '{}', propertySourceProperties = '{org.springframework.boot.test.context.SpringBootTestContextBootstrapper=true}', contextCustomizers = set[org.springframework.boot.test.autoconfigure.actuate.metrics.MetricsExportContextCustomizerFactory$DisableMetricExportContextCustomizer@53f48368, org.springframework.boot.test.autoconfigure.properties.PropertyMappingContextCustomizer@0, org.springframework.boot.test.autoconfigure.web.servlet.WebDriverContextCustomizerFactory$Customizer@2453f95d, org.springframework.boot.test.context.filter.ExcludeFilterContextCustomizer@3e34ace1, org.springframework.boot.test.json.DuplicateJsonObjectContextCustomizerFactory$DuplicateJsonObjectContextCustomizer@47404bea, org.springframework.boot.test.mock.mockito.MockitoContextCustomizer@0, org.springframework.boot.test.web.client.TestRestTemplateContextCustomizer@6b5894c8, org.springframework.boot.test.context.SpringBootTestArgs@1, org.springframework.boot.test.context.SpringBootTestWebEnvironment@1863d2fe], resourceBasePath = 'src/main/webapp', contextLoader = 'org.springframework.boot.test.context.SpringBootContextLoader', parent = [null]], attributes = map['org.springframework.test.context.web.ServletTestExecutionListener.activateListener' -> true, 'org.springframework.test.context.web.ServletTestExecutionListener.populatedRequestContextHolder' -> true, 'org.springframework.test.context.web.ServletTestExecutionListener.resetRequestContextHolder' -> true, 'org.springframework.test.context.event.ApplicationEventsTestExecutionListener.recordApplicationEvents' -> false]]; transaction manager [org.springframework.orm.jpa.JpaTransactionManager@7c8a91e2]; rollback [true]
2025-03-19 12:44:05.299 DEBUG 22584 --- [    Test worker] org.hibernate.SQL                        : 
    insert 
    into
        member
        (email, name) 
    values
        (?, ?)
Hibernate: 
    insert 
    into
        member
        (email, name) 
    values
        (?, ?)
2025-03-19 12:44:05.306 TRACE 22584 --- [    Test worker] o.h.type.descriptor.sql.BasicBinder      : binding parameter [1] as [VARCHAR] - [park@test.com]
2025-03-19 12:44:05.306 TRACE 22584 --- [    Test worker] o.h.type.descriptor.sql.BasicBinder      : binding parameter [2] as [VARCHAR] - [박지성]
2025-03-19 12:44:05.381  INFO 22584 --- [    Test worker] o.s.t.c.transaction.TransactionContext   : Rolled back transaction for test: [DefaultTestContext@1af1347d testClass = MemberRepositoryTest, testInstance = com.example.demo.repository.MemberRepositoryTest@586b78d7, testMethod = deleteMemberTest@MemberRepositoryTest, testException = [null], mergedContextConfiguration = [WebMergedContextConfiguration@632aa1a3 testClass = MemberRepositoryTest, locations = '{}', classes = '{class com.example.demo.DemoApplication}', contextInitializerClasses = '[]', activeProfiles = '{}', propertySourceLocations = '{}', propertySourceProperties = '{org.springframework.boot.test.context.SpringBootTestContextBootstrapper=true}', contextCustomizers = set[org.springframework.boot.test.autoconfigure.actuate.metrics.MetricsExportContextCustomizerFactory$DisableMetricExportContextCustomizer@53f48368, org.springframework.boot.test.autoconfigure.properties.PropertyMappingContextCustomizer@0, org.springframework.boot.test.autoconfigure.web.servlet.WebDriverContextCustomizerFactory$Customizer@2453f95d, org.springframework.boot.test.context.filter.ExcludeFilterContextCustomizer@3e34ace1, org.springframework.boot.test.json.DuplicateJsonObjectContextCustomizerFactory$DuplicateJsonObjectContextCustomizer@47404bea, org.springframework.boot.test.mock.mockito.MockitoContextCustomizer@0, org.springframework.boot.test.web.client.TestRestTemplateContextCustomizer@6b5894c8, org.springframework.boot.test.context.SpringBootTestArgs@1, org.springframework.boot.test.context.SpringBootTestWebEnvironment@1863d2fe], resourceBasePath = 'src/main/webapp', contextLoader = 'org.springframework.boot.test.context.SpringBootContextLoader', parent = [null]], attributes = map['org.springframework.test.context.web.ServletTestExecutionListener.activateListener' -> true, 'org.springframework.test.context.web.ServletTestExecutionListener.populatedRequestContextHolder' -> true, 'org.springframework.test.context.web.ServletTestExecutionListener.resetRequestContextHolder' -> true, 'org.springframework.test.context.event.ApplicationEventsTestExecutionListener.recordApplicationEvents' -> false]]
]]></system-out>
  <system-err><![CDATA[]]></system-err>
</testsuite>
